<?xml version="1.0" encoding="UTF-8"?>
<!-- Generated by org.testng.reporters.JUnitReportReporter -->
<testsuite hostname="marufpc2" name="a.NewTest" tests="1" failures="0" timestamp="13 May 2020 03:41:46 GMT" time="0.020" errors="0">
  <testcase name="f" time="0.020" classname="a.NewTest"/>
</testsuite> <!-- a.NewTest -->
