<?xml version="1.0" encoding="UTF-8"?>
<!-- Generated by org.testng.reporters.JUnitReportReporter -->
<testsuite hostname="marufpc2" name="page.test2" tests="3" failures="0" timestamp="17 May 2020 02:16:15 GMT" time="0.035" errors="0">
  <testcase name="t3" time="0.003" classname="page.test2"/>
  <testcase name="t1" time="0.029" classname="page.test2"/>
  <testcase name="t2" time="0.003" classname="page.test2"/>
</testsuite> <!-- page.test2 -->
