<?xml version="1.0" encoding="UTF-8"?>
<!-- Generated by org.testng.reporters.JUnitReportReporter -->
<testsuite hostname="marufpc2" name="page.test1" tests="4" failures="0" timestamp="17 May 2020 22:00:09 GMT" time="61.853" errors="0">
  <testcase name="homepage" time="13.727" classname="page.test1"/>
  <testcase name="test_search" time="11.853" classname="page.test1"/>
  <testcase name="createacc" time="17.117" classname="page.test1"/>
  <testcase name="test_signin" time="19.156" classname="page.test1"/>
</testsuite> <!-- page.test1 -->
