<?xml version="1.0" encoding="UTF-8"?>
<!-- Generated by org.testng.reporters.JUnitReportReporter -->
<testsuite skipped="0" hostname="marufpc1" name="samplemaven.nnnnn.test" tests="1" failures="0" timestamp="2020-05-22T21:20:07 EDT" time="0.017" errors="0">
  <testcase name="t" time="0.017" classname="samplemaven.nnnnn.test"/>
  <system-out/>
</testsuite> <!-- samplemaven.nnnnn.test -->
