<?xml version="1.0" encoding="UTF-8"?>
<!-- Generated by org.testng.reporters.JUnitReportReporter -->
<testsuite skipped="0" hostname="marufpc1" name="samplemaven.asdf.test" tests="1" failures="0" timestamp="2020-05-20T17:55:19 EDT" time="0.016" errors="0">
  <testcase name="t" time="0.016" classname="samplemaven.asdf.test"/>
  <system-out/>
</testsuite> <!-- samplemaven.asdf.test -->
