<?xml version="1.0" encoding="UTF-8"?>
<!-- Generated by org.testng.reporters.JUnitReportReporter -->
<testsuite hostname="marufpc1" name="test1.NewTest" tests="1" failures="0" timestamp="20 May 2020 04:18:25 GMT" time="0.033" errors="0">
  <testcase name="test" time="0.033" classname="test1.NewTest"/>
</testsuite> <!-- test1.NewTest -->
