<?xml version="1.0" encoding="UTF-8"?>
<!-- Generated by org.testng.reporters.JUnitReportReporter -->
<testsuite skipped="0" hostname="marufpc1" name="test.t" tests="1" failures="0" timestamp="2020-06-18T22:44:18 EDT" time="0.000" errors="0">
  <testcase name="t" time="0.000" classname="test.t"/>
  <system-out/>
</testsuite> <!-- test.t -->
